build/app/intermediates/manifest_merge_blame_file/release/processReleaseMainManifest/manifest-merger-blame-release-report.txt
1<?xml version="1.0" encoding="utf-8"?>
2<manifest xmlns:android="http://schemas.android.com/apk/res/android"
3    package="com.quickdevit.noogo"
4    android:versionCode="1"
5    android:versionName="1.0.0" >
6
7    <uses-sdk
8        android:minSdkVersion="23"
9        android:targetSdkVersion="35" />
10    <!--
11         Required to query activities that can process text, see:
12         https://developer.android.com/training/package-visibility and
13         https://developer.android.com/reference/android/content/Intent#ACTION_PROCESS_TEXT.
14
15         In particular, this is used by the Flutter engine in io.flutter.plugin.text.ProcessTextPlugin.
16    -->
17    <queries>
17-->src\main\AndroidManifest.xml:39:5-44:15
18        <intent>
18-->src\main\AndroidManifest.xml:40:9-43:18
19            <action android:name="android.intent.action.PROCESS_TEXT" />
19-->src\main\AndroidManifest.xml:41:13-72
19-->src\main\AndroidManifest.xml:41:21-70
20
21            <data android:mimeType="text/plain" />
21-->src\main\AndroidManifest.xml:42:13-50
21-->src\main\AndroidManifest.xml:42:19-48
22        </intent>
23    </queries>
24
25    <uses-permission android:name="android.permission.CAMERA" />
25-->[:mobile_scanner] AndroidManifest.xml:7:5-65
25-->[:mobile_scanner] AndroidManifest.xml:7:22-62
26
27    <uses-feature
27-->[:mobile_scanner] AndroidManifest.xml:9:5-11:36
28        android:name="android.hardware.camera"
28-->[:mobile_scanner] AndroidManifest.xml:10:9-47
29        android:required="false" />
29-->[:mobile_scanner] AndroidManifest.xml:11:9-33
30
31    <permission
31-->[androidx.core:core:1.13.1] AndroidManifest.xml:22:5-24:47
32        android:name="com.quickdevit.noogo.DYNAMIC_RECEIVER_NOT_EXPORTED_PERMISSION"
32-->[androidx.core:core:1.13.1] AndroidManifest.xml:23:9-81
33        android:protectionLevel="signature" />
33-->[androidx.core:core:1.13.1] AndroidManifest.xml:24:9-44
34
35    <uses-permission android:name="com.quickdevit.noogo.DYNAMIC_RECEIVER_NOT_EXPORTED_PERMISSION" /> <!-- Although the *SdkVersion is captured in gradle build files, this is required for non gradle builds -->
35-->[androidx.core:core:1.13.1] AndroidManifest.xml:26:5-97
35-->[androidx.core:core:1.13.1] AndroidManifest.xml:26:22-94
36    <!-- <uses-sdk android:minSdkVersion="14"/> -->
37    <uses-permission android:name="android.permission.ACCESS_NETWORK_STATE" />
37-->[com.google.android.datatransport:transport-backend-cct:2.3.3] AndroidManifest.xml:25:5-79
37-->[com.google.android.datatransport:transport-backend-cct:2.3.3] AndroidManifest.xml:25:22-76
38    <uses-permission android:name="android.permission.INTERNET" />
38-->[com.google.android.datatransport:transport-backend-cct:2.3.3] AndroidManifest.xml:26:5-67
38-->[com.google.android.datatransport:transport-backend-cct:2.3.3] AndroidManifest.xml:26:22-64
39
40    <application
41        android:name="android.app.Application"
41-->src\main\AndroidManifest.xml:4:9-42
42        android:appComponentFactory="androidx.core.app.CoreComponentFactory"
42-->[androidx.core:core:1.13.1] AndroidManifest.xml:28:18-86
43        android:extractNativeLibs="false"
44        android:icon="@mipmap/ic_launcher"
44-->src\main\AndroidManifest.xml:5:9-43
45        android:label="noogo" >
45-->src\main\AndroidManifest.xml:3:9-30
46        <activity
46-->src\main\AndroidManifest.xml:6:9-27:20
47            android:name="com.quickdevit.noogo.MainActivity"
47-->src\main\AndroidManifest.xml:7:13-41
48            android:configChanges="orientation|keyboardHidden|keyboard|screenSize|smallestScreenSize|locale|layoutDirection|fontScale|screenLayout|density|uiMode"
48-->src\main\AndroidManifest.xml:12:13-163
49            android:exported="true"
49-->src\main\AndroidManifest.xml:8:13-36
50            android:hardwareAccelerated="true"
50-->src\main\AndroidManifest.xml:13:13-47
51            android:launchMode="singleTop"
51-->src\main\AndroidManifest.xml:9:13-43
52            android:taskAffinity=""
52-->src\main\AndroidManifest.xml:10:13-36
53            android:theme="@style/LaunchTheme"
53-->src\main\AndroidManifest.xml:11:13-47
54            android:windowSoftInputMode="adjustResize" >
54-->src\main\AndroidManifest.xml:14:13-55
55
56            <!--
57                 Specifies an Android theme to apply to this Activity as soon as
58                 the Android process has started. This theme is visible to the user
59                 while the Flutter UI initializes. After that, this theme continues
60                 to determine the Window background behind the Flutter UI.
61            -->
62            <meta-data
62-->src\main\AndroidManifest.xml:19:13-22:17
63                android:name="io.flutter.embedding.android.NormalTheme"
63-->src\main\AndroidManifest.xml:20:15-70
64                android:resource="@style/NormalTheme" />
64-->src\main\AndroidManifest.xml:21:15-52
65
66            <intent-filter>
66-->src\main\AndroidManifest.xml:23:13-26:29
67                <action android:name="android.intent.action.MAIN" />
67-->src\main\AndroidManifest.xml:24:17-68
67-->src\main\AndroidManifest.xml:24:25-66
68
69                <category android:name="android.intent.category.LAUNCHER" />
69-->src\main\AndroidManifest.xml:25:17-76
69-->src\main\AndroidManifest.xml:25:27-74
70            </intent-filter>
71        </activity>
72        <!--
73             Don't delete the meta-data below.
74             This is used by the Flutter tool to generate GeneratedPluginRegistrant.java
75        -->
76        <meta-data
76-->src\main\AndroidManifest.xml:30:9-32:33
77            android:name="flutterEmbedding"
77-->src\main\AndroidManifest.xml:31:13-44
78            android:value="2" />
78-->src\main\AndroidManifest.xml:32:13-30
79        <!--
80        Service for holding metadata. Cannot be instantiated.
81        Metadata will be merged from other manifests.
82        -->
83        <service
83-->[androidx.camera:camera-core:1.5.3] AndroidManifest.xml:29:9-33:78
84            android:name="androidx.camera.core.impl.MetadataHolderService"
84-->[androidx.camera:camera-core:1.5.3] AndroidManifest.xml:30:13-75
85            android:enabled="false"
85-->[androidx.camera:camera-core:1.5.3] AndroidManifest.xml:31:13-36
86            android:exported="false" >
86-->[androidx.camera:camera-core:1.5.3] AndroidManifest.xml:32:13-37
87            <meta-data
87-->[androidx.camera:camera-camera2:1.5.3] AndroidManifest.xml:30:13-32:89
88                android:name="androidx.camera.core.impl.MetadataHolderService.DEFAULT_CONFIG_PROVIDER"
88-->[androidx.camera:camera-camera2:1.5.3] AndroidManifest.xml:31:17-103
89                android:value="androidx.camera.camera2.Camera2Config$DefaultProvider" />
89-->[androidx.camera:camera-camera2:1.5.3] AndroidManifest.xml:32:17-86
90        </service>
91
92        <activity
92-->[:url_launcher_android] AndroidManifest.xml:8:9-11:74
93            android:name="io.flutter.plugins.urllauncher.WebViewActivity"
93-->[:url_launcher_android] AndroidManifest.xml:9:13-74
94            android:exported="false"
94-->[:url_launcher_android] AndroidManifest.xml:10:13-37
95            android:theme="@android:style/Theme.NoTitleBar.Fullscreen" />
95-->[:url_launcher_android] AndroidManifest.xml:11:13-71
96
97        <service
97-->[com.google.android.gms:play-services-mlkit-barcode-scanning:18.3.1] AndroidManifest.xml:9:9-15:19
98            android:name="com.google.mlkit.common.internal.MlKitComponentDiscoveryService"
98-->[com.google.android.gms:play-services-mlkit-barcode-scanning:18.3.1] AndroidManifest.xml:10:13-91
99            android:directBootAware="true"
99-->[com.google.mlkit:common:18.11.0] AndroidManifest.xml:17:13-43
100            android:exported="false" >
100-->[com.google.android.gms:play-services-mlkit-barcode-scanning:18.3.1] AndroidManifest.xml:11:13-37
101            <meta-data
101-->[com.google.android.gms:play-services-mlkit-barcode-scanning:18.3.1] AndroidManifest.xml:12:13-14:85
102                android:name="com.google.firebase.components:com.google.mlkit.vision.barcode.internal.BarcodeRegistrar"
102-->[com.google.android.gms:play-services-mlkit-barcode-scanning:18.3.1] AndroidManifest.xml:13:17-120
103                android:value="com.google.firebase.components.ComponentRegistrar" />
103-->[com.google.android.gms:play-services-mlkit-barcode-scanning:18.3.1] AndroidManifest.xml:14:17-82
104            <meta-data
104-->[com.google.mlkit:vision-common:17.3.0] AndroidManifest.xml:12:13-14:85
105                android:name="com.google.firebase.components:com.google.mlkit.vision.common.internal.VisionCommonRegistrar"
105-->[com.google.mlkit:vision-common:17.3.0] AndroidManifest.xml:13:17-124
106                android:value="com.google.firebase.components.ComponentRegistrar" />
106-->[com.google.mlkit:vision-common:17.3.0] AndroidManifest.xml:14:17-82
107            <meta-data
107-->[com.google.mlkit:common:18.11.0] AndroidManifest.xml:20:13-22:85
108                android:name="com.google.firebase.components:com.google.mlkit.common.internal.CommonComponentRegistrar"
108-->[com.google.mlkit:common:18.11.0] AndroidManifest.xml:21:17-120
109                android:value="com.google.firebase.components.ComponentRegistrar" />
109-->[com.google.mlkit:common:18.11.0] AndroidManifest.xml:22:17-82
110        </service>
111
112        <provider
112-->[com.google.mlkit:common:18.11.0] AndroidManifest.xml:9:9-13:38
113            android:name="com.google.mlkit.common.internal.MlKitInitProvider"
113-->[com.google.mlkit:common:18.11.0] AndroidManifest.xml:10:13-78
114            android:authorities="com.quickdevit.noogo.mlkitinitprovider"
114-->[com.google.mlkit:common:18.11.0] AndroidManifest.xml:11:13-69
115            android:exported="false"
115-->[com.google.mlkit:common:18.11.0] AndroidManifest.xml:12:13-37
116            android:initOrder="99" />
116-->[com.google.mlkit:common:18.11.0] AndroidManifest.xml:13:13-35
117
118        <activity
118-->[com.google.android.gms:play-services-base:18.5.0] AndroidManifest.xml:5:9-173
119            android:name="com.google.android.gms.common.api.GoogleApiActivity"
119-->[com.google.android.gms:play-services-base:18.5.0] AndroidManifest.xml:5:19-85
120            android:exported="false"
120-->[com.google.android.gms:play-services-base:18.5.0] AndroidManifest.xml:5:146-170
121            android:theme="@android:style/Theme.Translucent.NoTitleBar" />
121-->[com.google.android.gms:play-services-base:18.5.0] AndroidManifest.xml:5:86-145
122
123        <meta-data
123-->[com.google.android.gms:play-services-basement:18.4.0] AndroidManifest.xml:6:9-122
124            android:name="com.google.android.gms.version"
124-->[com.google.android.gms:play-services-basement:18.4.0] AndroidManifest.xml:6:20-65
125            android:value="@integer/google_play_services_version" />
125-->[com.google.android.gms:play-services-basement:18.4.0] AndroidManifest.xml:6:66-119
126
127        <uses-library
127-->[androidx.window:window:1.2.0] AndroidManifest.xml:23:9-25:40
128            android:name="androidx.window.extensions"
128-->[androidx.window:window:1.2.0] AndroidManifest.xml:24:13-54
129            android:required="false" />
129-->[androidx.window:window:1.2.0] AndroidManifest.xml:25:13-37
130        <uses-library
130-->[androidx.window:window:1.2.0] AndroidManifest.xml:26:9-28:40
131            android:name="androidx.window.sidecar"
131-->[androidx.window:window:1.2.0] AndroidManifest.xml:27:13-51
132            android:required="false" />
132-->[androidx.window:window:1.2.0] AndroidManifest.xml:28:13-37
133
134        <provider
134-->[androidx.emoji2:emoji2:1.2.0] AndroidManifest.xml:24:9-32:20
135            android:name="androidx.startup.InitializationProvider"
135-->[androidx.emoji2:emoji2:1.2.0] AndroidManifest.xml:25:13-67
136            android:authorities="com.quickdevit.noogo.androidx-startup"
136-->[androidx.emoji2:emoji2:1.2.0] AndroidManifest.xml:26:13-68
137            android:exported="false" >
137-->[androidx.emoji2:emoji2:1.2.0] AndroidManifest.xml:27:13-37
138            <meta-data
138-->[androidx.emoji2:emoji2:1.2.0] AndroidManifest.xml:29:13-31:52
139                android:name="androidx.emoji2.text.EmojiCompatInitializer"
139-->[androidx.emoji2:emoji2:1.2.0] AndroidManifest.xml:30:17-75
140                android:value="androidx.startup" />
140-->[androidx.emoji2:emoji2:1.2.0] AndroidManifest.xml:31:17-49
141            <meta-data
141-->[androidx.lifecycle:lifecycle-process:2.7.0] AndroidManifest.xml:29:13-31:52
142                android:name="androidx.lifecycle.ProcessLifecycleInitializer"
142-->[androidx.lifecycle:lifecycle-process:2.7.0] AndroidManifest.xml:30:17-78
143                android:value="androidx.startup" />
143-->[androidx.lifecycle:lifecycle-process:2.7.0] AndroidManifest.xml:31:17-49
144            <meta-data
144-->[androidx.profileinstaller:profileinstaller:1.3.1] AndroidManifest.xml:29:13-31:52
145                android:name="androidx.profileinstaller.ProfileInstallerInitializer"
145-->[androidx.profileinstaller:profileinstaller:1.3.1] AndroidManifest.xml:30:17-85
146                android:value="androidx.startup" />
146-->[androidx.profileinstaller:profileinstaller:1.3.1] AndroidManifest.xml:31:17-49
147        </provider>
148
149        <receiver
149-->[androidx.profileinstaller:profileinstaller:1.3.1] AndroidManifest.xml:34:9-52:20
150            android:name="androidx.profileinstaller.ProfileInstallReceiver"
150-->[androidx.profileinstaller:profileinstaller:1.3.1] AndroidManifest.xml:35:13-76
151            android:directBootAware="false"
151-->[androidx.profileinstaller:profileinstaller:1.3.1] AndroidManifest.xml:36:13-44
152            android:enabled="true"
152-->[androidx.profileinstaller:profileinstaller:1.3.1] AndroidManifest.xml:37:13-35
153            android:exported="true"
153-->[androidx.profileinstaller:profileinstaller:1.3.1] AndroidManifest.xml:38:13-36
154            android:permission="android.permission.DUMP" >
154-->[androidx.profileinstaller:profileinstaller:1.3.1] AndroidManifest.xml:39:13-57
155            <intent-filter>
155-->[androidx.profileinstaller:profileinstaller:1.3.1] AndroidManifest.xml:40:13-42:29
156                <action android:name="androidx.profileinstaller.action.INSTALL_PROFILE" />
156-->[androidx.profileinstaller:profileinstaller:1.3.1] AndroidManifest.xml:41:17-91
156-->[androidx.profileinstaller:profileinstaller:1.3.1] AndroidManifest.xml:41:25-88
157            </intent-filter>
158            <intent-filter>
158-->[androidx.profileinstaller:profileinstaller:1.3.1] AndroidManifest.xml:43:13-45:29
159                <action android:name="androidx.profileinstaller.action.SKIP_FILE" />
159-->[androidx.profileinstaller:profileinstaller:1.3.1] AndroidManifest.xml:44:17-85
159-->[androidx.profileinstaller:profileinstaller:1.3.1] AndroidManifest.xml:44:25-82
160            </intent-filter>
161            <intent-filter>
161-->[androidx.profileinstaller:profileinstaller:1.3.1] AndroidManifest.xml:46:13-48:29
162                <action android:name="androidx.profileinstaller.action.SAVE_PROFILE" />
162-->[androidx.profileinstaller:profileinstaller:1.3.1] AndroidManifest.xml:47:17-88
162-->[androidx.profileinstaller:profileinstaller:1.3.1] AndroidManifest.xml:47:25-85
163            </intent-filter>
164            <intent-filter>
164-->[androidx.profileinstaller:profileinstaller:1.3.1] AndroidManifest.xml:49:13-51:29
165                <action android:name="androidx.profileinstaller.action.BENCHMARK_OPERATION" />
165-->[androidx.profileinstaller:profileinstaller:1.3.1] AndroidManifest.xml:50:17-95
165-->[androidx.profileinstaller:profileinstaller:1.3.1] AndroidManifest.xml:50:25-92
166            </intent-filter>
167        </receiver>
168
169        <service
169-->[com.google.android.datatransport:transport-backend-cct:2.3.3] AndroidManifest.xml:29:9-35:19
170            android:name="com.google.android.datatransport.runtime.backends.TransportBackendDiscovery"
170-->[com.google.android.datatransport:transport-backend-cct:2.3.3] AndroidManifest.xml:30:13-103
171            android:exported="false" >
171-->[com.google.android.datatransport:transport-backend-cct:2.3.3] AndroidManifest.xml:31:13-37
172            <meta-data
172-->[com.google.android.datatransport:transport-backend-cct:2.3.3] AndroidManifest.xml:32:13-34:39
173                android:name="backend:com.google.android.datatransport.cct.CctBackendFactory"
173-->[com.google.android.datatransport:transport-backend-cct:2.3.3] AndroidManifest.xml:33:17-94
174                android:value="cct" />
174-->[com.google.android.datatransport:transport-backend-cct:2.3.3] AndroidManifest.xml:34:17-36
175        </service>
176        <service
176-->[com.google.android.datatransport:transport-runtime:2.2.6] AndroidManifest.xml:26:9-30:19
177            android:name="com.google.android.datatransport.runtime.scheduling.jobscheduling.JobInfoSchedulerService"
177-->[com.google.android.datatransport:transport-runtime:2.2.6] AndroidManifest.xml:27:13-117
178            android:exported="false"
178-->[com.google.android.datatransport:transport-runtime:2.2.6] AndroidManifest.xml:28:13-37
179            android:permission="android.permission.BIND_JOB_SERVICE" >
179-->[com.google.android.datatransport:transport-runtime:2.2.6] AndroidManifest.xml:29:13-69
180        </service>
181
182        <receiver
182-->[com.google.android.datatransport:transport-runtime:2.2.6] AndroidManifest.xml:32:9-34:40
183            android:name="com.google.android.datatransport.runtime.scheduling.jobscheduling.AlarmManagerSchedulerBroadcastReceiver"
183-->[com.google.android.datatransport:transport-runtime:2.2.6] AndroidManifest.xml:33:13-132
184            android:exported="false" />
184-->[com.google.android.datatransport:transport-runtime:2.2.6] AndroidManifest.xml:34:13-37
185    </application>
186
187</manifest>